{"level":"info","msg":"Application started!","time":"2025-03-13T18:31:57+05:30"}
{"level":"info","msg":"Application started!","time":"2025-03-13T18:34:04+05:30"}
{"error":"Error 1054 (42S22): Unknown column '$1' in 'field list'","level":"error","msg":"Database operation failed","time":"2025-03-13T18:34:18+05:30"}
{"level":"info","msg":"Application started!","time":"2025-03-13T18:36:22+05:30"}
{"error":"Error 1062 (23000): Duplicate entry 'mal@g.com' for key 'email'","level":"error","msg":"Database operation failed","time":"2025-03-13T18:36:54+05:30"}
{"level":"info","msg":"Application started!","time":"2025-03-13T18:47:31+05:30"}
{"level":"info","msg":"Application started!","time":"2025-03-13T18:49:58+05:30"}
{"level":"info","msg":"Application started!","time":"2025-03-13T18:56:31+05:30"}
{"level":"info","msg":"Application started!","time":"2025-03-13T18:59:08+05:30"}
{"level":"info","msg":"Application started!","time":"2025-03-13T19:04:08+05:30"}
{"level":"info","msg":"Application started!","time":"2025-03-13T19:17:53+05:30"}
{"level":"info","msg":"Customer created: {\"id\":18,\"name\":\"Prabas Katikala\",\"email\":\"praba.sevana@g.com\",\"address\":\"Chennai\"}","time":"2025-03-13T19:18:06+05:30"}
{"level":"info","msg":"GetAllCustomers: Customers List [{\"id\":1,\"name\":\"Mahalaxmi Kovvuri\",\"email\":\"malaxmi@g.com\",\"address\":\"Hyd\"},{\"id\":3,\"name\":\"Jagadamba\",\"email\":\"mala@g.com\",\"address\":\"Narsapur\"},{\"id\":5,\"name\":\"Anasuya\",\"email\":\"buss@g.com\",\"address\":\"Narsapur\"},{\"id\":6,\"name\":\"Anasuya\",\"email\":\"conna@g.com\",\"address\":\"Narsapur\"},{\"id\":8,\"name\":\"Anji Evana\",\"email\":\"anji.evana@g.com\",\"address\":\"Narsapur\"},{\"id\":9,\"name\":\"Balu Evana\",\"email\":\"balu.evana@g.com\",\"address\":\"Narsapur\"},{\"id\":11,\"name\":\"CBalu Evana\",\"email\":\"cbalu.evana@g.com\",\"address\":\"Narsapur\"},{\"id\":13,\"name\":\"CBalu Evana\",\"email\":\"cabalu.evana@g.com\",\"address\":\"Narsapur\"},{\"id\":14,\"name\":\"CBalu Evana\",\"email\":\"cabsdsdalu.evana@g.com\",\"address\":\"Narsapur\"},{\"id\":16,\"name\":\"CBalu Evana\",\"email\":\"asas.evana@g.com\",\"address\":\"Narsapur\"},{\"id\":17,\"name\":\"Prabas Katikala\",\"email\":\"praba.evana@g.com\",\"address\":\"Chennai\"},{\"id\":18,\"name\":\"Prabas Katikala\",\"email\":\"praba.sevana@g.com\",\"address\":\"Chennai\"}]","time":"2025-03-13T19:18:19+05:30"}
{"level":"info","msg":"GetCustomerByID:: {\"id\":17,\"name\":\"Prabas Katikala\",\"email\":\"praba.evana@g.com\",\"address\":\"Chennai\"}","time":"2025-03-13T19:18:29+05:30"}
{"level":"info","msg":"DeleteCustomer:: {\"id\":17,\"name\":\"Prabas Katikala\",\"email\":\"praba.evana@g.com\",\"address\":\"Chennai\"}","time":"2025-03-13T19:18:48+05:30"}
{"level":"info","msg":"DeleteCustomer:: {\"id\":18,\"name\":\"Prabas Katikala\",\"email\":\"praba.sevana@g.com\",\"address\":\"Chennai\"}","time":"2025-03-13T19:19:10+05:30"}
{"level":"info","msg":"Application started!","time":"2025-03-14T07:34:15+05:30"}
{"level":"info","msg":"Customer created: {\"id\":19,\"name\":\"Prabas Katikala\",\"email\":\"praba.sevana@g.com\",\"address\":\"Chennai\"}","time":"2025-03-14T07:34:30+05:30"}
{"level":"info","msg":"Customer created: {\"id\":21,\"name\":\"Chiranjeevi Konedala\",\"email\":\"chiru.k@gmail.com\",\"address\":\"JublliHills\"}","time":"2025-03-14T07:34:59+05:30"}
{"level":"info","msg":"UpdateCustomer:: {\"id\":21,\"name\":\"Balakrishna Nandamuri\",\"email\":\"chiru.k@gmail.com\",\"address\":\"JublliHills\"}","time":"2025-03-14T07:36:04+05:30"}
{"level":"info","msg":"GetCustomerByID:: {\"id\":21,\"name\":\"Balakrishna Nandamuri\",\"email\":\"chiru.k@gmail.com\",\"address\":\"JublliHills\"}","time":"2025-03-14T07:36:24+05:30"}
{"level":"info","msg":"UpdateCustomer:: {\"id\":17,\"name\":\"Balakrishna Nandamuri\",\"email\":\"chiru.k@gmail.com\",\"address\":\"JublliHills\"}","time":"2025-03-14T07:36:37+05:30"}
{"level":"info","msg":"GetAllCustomers: Customers List [{\"id\":1,\"name\":\"Mahalaxmi Kovvuri\",\"email\":\"malaxmi@g.com\",\"address\":\"Hyd\"},{\"id\":3,\"name\":\"Jagadamba\",\"email\":\"mala@g.com\",\"address\":\"Narsapur\"},{\"id\":5,\"name\":\"Anasuya\",\"email\":\"buss@g.com\",\"address\":\"Narsapur\"},{\"id\":6,\"name\":\"Anasuya\",\"email\":\"conna@g.com\",\"address\":\"Narsapur\"},{\"id\":8,\"name\":\"Anji Evana\",\"email\":\"anji.evana@g.com\",\"address\":\"Narsapur\"},{\"id\":9,\"name\":\"Balu Evana\",\"email\":\"balu.evana@g.com\",\"address\":\"Narsapur\"},{\"id\":11,\"name\":\"CBalu Evana\",\"email\":\"cbalu.evana@g.com\",\"address\":\"Narsapur\"},{\"id\":13,\"name\":\"CBalu Evana\",\"email\":\"cabalu.evana@g.com\",\"address\":\"Narsapur\"},{\"id\":14,\"name\":\"CBalu Evana\",\"email\":\"cabsdsdalu.evana@g.com\",\"address\":\"Narsapur\"},{\"id\":16,\"name\":\"CBalu Evana\",\"email\":\"asas.evana@g.com\",\"address\":\"Narsapur\"},{\"id\":19,\"name\":\"Prabas Katikala\",\"email\":\"praba.sevana@g.com\",\"address\":\"Chennai\"},{\"id\":21,\"name\":\"Balakrishna Nandamuri\",\"email\":\"chiru.k@gmail.com\",\"address\":\"JublliHills\"}]","time":"2025-03-14T07:37:54+05:30"}
{"level":"info","msg":"Application started!","time":"2025-03-14T07:56:00+05:30"}
{"level":"info","msg":"Application started!","time":"2025-03-14T07:57:10+05:30"}
{"level":"info","msg":"MySQL DSN:root:p2wd1234@123@tcp(localhost:3306)/customer?charset=utf8mb4\u0026parseTime=True\u0026loc=Local","time":"2025-03-14T07:57:10+05:30"}
{"level":"info","msg":"Database  initiated!","time":"2025-03-14T07:57:10+05:30"}
{"level":"info","msg":"Application started!","time":"2025-03-14T08:00:04+05:30"}
{"level":"info","msg":"MySQL DSN:root:p2wd1234@123@tcp(localhost:3306)/customer?charset=utf8mb4\u0026parseTime=True\u0026loc=Local","time":"2025-03-14T08:00:04+05:30"}
{"level":"info","msg":"Database  initiated!","time":"2025-03-14T08:00:04+05:30"}
{"level":"info","msg":"Customer created: {\"id\":23,\"name\":\"Manikyam Konedala\",\"email\":\"maikyam.k@gmail.com\",\"address\":\"JublliHills\",\"city\":\"Hyd\"}","time":"2025-03-14T08:02:27+05:30"}
{"level":"info","msg":"GetAllCustomers: Customers List [{\"id\":1,\"name\":\"Mahalaxmi Kovvuri\",\"email\":\"malaxmi@g.com\",\"address\":\"Hyd\",\"city\":\"Hyderabad\"},{\"id\":3,\"name\":\"Jagadamba\",\"email\":\"mala@g.com\",\"address\":\"Narsapur\",\"city\":\"Hyderabad\"},{\"id\":5,\"name\":\"Anasuya\",\"email\":\"buss@g.com\",\"address\":\"Narsapur\",\"city\":\"Hyderabad\"},{\"id\":6,\"name\":\"Anasuya\",\"email\":\"conna@g.com\",\"address\":\"Narsapur\",\"city\":\"Hyderabad\"},{\"id\":8,\"name\":\"Anji Evana\",\"email\":\"anji.evana@g.com\",\"address\":\"Narsapur\",\"city\":\"Hyderabad\"},{\"id\":9,\"name\":\"Balu Evana\",\"email\":\"balu.evana@g.com\",\"address\":\"Narsapur\",\"city\":\"Hyderabad\"},{\"id\":11,\"name\":\"CBalu Evana\",\"email\":\"cbalu.evana@g.com\",\"address\":\"Narsapur\",\"city\":\"Hyderabad\"},{\"id\":13,\"name\":\"CBalu Evana\",\"email\":\"cabalu.evana@g.com\",\"address\":\"Narsapur\",\"city\":\"Hyderabad\"},{\"id\":14,\"name\":\"CBalu Evana\",\"email\":\"cabsdsdalu.evana@g.com\",\"address\":\"Narsapur\",\"city\":\"Hyderabad\"},{\"id\":16,\"name\":\"CBalu Evana\",\"email\":\"asas.evana@g.com\",\"address\":\"Narsapur\",\"city\":\"Hyderabad\"},{\"id\":19,\"name\":\"Prabas Katikala\",\"email\":\"praba.sevana@g.com\",\"address\":\"Chennai\",\"city\":\"Hyderabad\"},{\"id\":21,\"name\":\"Balakrishna Nandamuri\",\"email\":\"chiru.k@gmail.com\",\"address\":\"JublliHills\",\"city\":\"Hyderabad\"},{\"id\":23,\"name\":\"Manikyam Konedala\",\"email\":\"maikyam.k@gmail.com\",\"address\":\"JublliHills\",\"city\":\"Hyderabad\"}]","time":"2025-03-14T08:03:09+05:30"}
{"level":"info","msg":"Application started!","time":"2025-03-14T08:04:43+05:30"}
{"level":"info","msg":"MySQL DSN:root:p2wd1234@123@tcp(localhost:3306)/customer?charset=utf8mb4\u0026parseTime=True\u0026loc=Local","time":"2025-03-14T08:04:43+05:30"}
{"level":"info","msg":"Database  initiated!","time":"2025-03-14T08:04:43+05:30"}
{"level":"info","msg":"Customer created: {\"id\":25,\"name\":\"Jagadamba Konedala\",\"email\":\"ja.k@gmail.com\",\"address\":\"JublliHills\",\"city\":\"Hyd\"}","time":"2025-03-14T08:05:08+05:30"}
